TN:
SF:app.js
FN:30,(anonymous_0)
FN:35,(anonymous_1)
FNF:2
FNH:2
FNDA:2,(anonymous_0)
FNDA:31,(anonymous_1)
DA:5,4
DA:6,4
DA:8,4
DA:10,4
DA:11,4
DA:12,4
DA:13,4
DA:15,4
DA:17,4
DA:19,4
DA:20,4
DA:21,4
DA:22,4
DA:24,4
DA:25,4
DA:26,4
DA:30,4
DA:31,2
DA:35,4
DA:36,31
DA:37,31
DA:38,31
DA:40,31
DA:45,4
LF:24
LH:24
BRDA:36,0,0,1
BRDA:36,0,1,30
BRDA:37,1,0,31
BRDA:37,1,1,2
BRF:4
BRH:4
end_of_record
TN:
SF:config.js
FN:13,getDatabaseUri
FNF:1
FNH:1
FNDA:20,getDatabaseUri
DA:5,10
DA:6,10
DA:8,10
DA:10,10
DA:14,20
DA:22,10
DA:24,10
DA:25,10
DA:26,10
DA:27,10
DA:28,10
DA:29,10
DA:31,10
LF:13
LH:13
BRDA:8,0,0,10
BRDA:8,0,1,9
BRDA:10,1,0,10
BRDA:10,1,1,9
BRDA:14,2,0,17
BRDA:14,2,1,3
BRDA:16,3,0,3
BRDA:16,3,1,1
BRDA:22,4,0,9
BRDA:22,4,1,1
BRF:10
BRH:10
end_of_record
TN:
SF:db.js
FNF:0
FNH:0
DA:3,7
DA:4,7
DA:8,7
DA:9,0
DA:16,7
DA:21,7
DA:23,7
LF:7
LH:6
BRDA:8,0,0,0
BRDA:8,0,1,7
BRF:2
BRH:1
end_of_record
TN:
SF:expressError.js
FN:8,(anonymous_0)
FN:18,(anonymous_1)
FN:26,(anonymous_2)
FN:34,(anonymous_3)
FN:42,(anonymous_4)
FNF:5
FNH:4
FNDA:47,(anonymous_0)
FNDA:17,(anonymous_1)
FNDA:13,(anonymous_2)
FNDA:17,(anonymous_3)
FNDA:0,(anonymous_4)
DA:9,47
DA:10,47
DA:11,47
DA:19,17
DA:27,13
DA:35,17
DA:43,0
DA:47,8
LF:8
LH:7
BRDA:18,0,0,2
BRDA:26,1,0,9
BRDA:34,2,0,0
BRDA:42,3,0,0
BRF:4
BRH:2
end_of_record
TN:
SF:helpers/sql.js
FN:5,sqlForPartialUpdate
FN:10,(anonymous_1)
FNF:2
FNH:2
FNDA:13,sqlForPartialUpdate
FNDA:23,(anonymous_1)
DA:1,6
DA:6,13
DA:7,13
DA:10,11
DA:11,23
DA:14,11
DA:20,6
LF:7
LH:7
BRDA:7,0,0,2
BRDA:7,0,1,11
BRDA:11,1,0,23
BRDA:11,1,1,11
BRF:4
BRH:4
end_of_record
TN:
SF:helpers/tokens.js
FN:6,createToken
FNF:1
FNH:1
FNDA:13,createToken
DA:1,5
DA:2,5
DA:7,13
DA:10,13
DA:15,13
DA:18,5
LF:6
LH:6
BRDA:12,0,0,13
BRDA:12,0,1,8
BRF:2
BRH:2
end_of_record
TN:
SF:middleware/auth.js
FN:18,authenticateJWT
FN:36,ensureLoggedIn
FN:47,admin
FN:57,isCurrentUserOrAdmin
FNF:4
FNH:4
FNDA:49,authenticateJWT
FNDA:2,ensureLoggedIn
FNDA:20,admin
FNDA:11,isCurrentUserOrAdmin
DA:5,5
DA:6,5
DA:7,5
DA:19,49
DA:20,49
DA:21,49
DA:22,27
DA:23,27
DA:25,48
DA:27,1
DA:37,2
DA:38,2
DA:39,1
DA:41,1
DA:48,20
DA:49,20
DA:50,15
DA:52,5
DA:58,11
DA:59,11
DA:60,11
DA:61,8
DA:63,3
DA:68,5
LF:24
LH:24
BRDA:20,0,0,49
BRDA:20,0,1,48
BRDA:21,1,0,27
BRDA:21,1,1,22
BRDA:38,2,0,1
BRDA:38,2,1,1
BRDA:49,3,0,5
BRDA:49,3,1,15
BRDA:49,4,0,20
BRDA:49,4,1,16
BRDA:60,5,0,3
BRDA:60,5,1,8
BRDA:60,6,0,11
BRDA:60,6,1,8
BRDA:60,6,2,4
BRF:15
BRH:15
end_of_record
TN:
SF:models/_testCommon.js
FN:8,commonBeforeAll
FN:27,(anonymous_1)
FN:44,commonBeforeEach
FN:48,commonAfterEach
FN:52,commonAfterAll
FNF:5
FNH:5
FNDA:3,commonBeforeAll
FNDA:9,(anonymous_1)
FNDA:36,commonBeforeEach
FNDA:36,commonAfterEach
FNDA:3,commonAfterAll
DA:1,3
DA:3,3
DA:4,3
DA:6,3
DA:10,3
DA:12,3
DA:14,3
DA:20,3
DA:27,9
DA:29,3
DA:45,36
DA:49,36
DA:53,3
DA:57,3
LF:14
LH:14
BRF:0
BRH:0
end_of_record
TN:
SF:models/company.js
FN:19,(anonymous_0)
FN:52,(anonymous_1)
FN:111,(anonymous_2)
FN:141,(anonymous_3)
FN:171,(anonymous_4)
FNF:5
FNH:5
FNDA:13,(anonymous_0)
FNDA:5,(anonymous_1)
FNDA:5,(anonymous_2)
FNDA:6,(anonymous_3)
FNDA:4,(anonymous_4)
DA:3,5
DA:4,5
DA:5,5
DA:20,13
DA:26,13
DA:27,1
DA:29,12
DA:42,12
DA:44,12
DA:55,5
DA:56,1
DA:60,4
DA:68,4
DA:69,4
DA:72,4
DA:73,1
DA:74,1
DA:77,4
DA:78,1
DA:79,1
DA:80,1
DA:82,0
DA:84,1
DA:86,4
DA:87,1
DA:88,1
DA:90,0
DA:92,1
DA:95,4
DA:96,4
DA:98,4
DA:99,3
DA:112,5
DA:122,5
DA:124,5
DA:126,3
DA:142,6
DA:148,5
DA:150,5
DA:158,5
DA:159,5
DA:161,5
DA:163,3
DA:172,4
DA:178,4
DA:180,4
DA:185,5
LF:47
LH:45
BRDA:26,0,0,1
BRDA:26,0,1,12
BRDA:55,1,0,1
BRDA:55,1,1,4
BRDA:72,2,0,1
BRDA:72,2,1,3
BRDA:77,3,0,1
BRDA:77,3,1,3
BRDA:79,4,0,1
BRDA:79,4,1,0
BRDA:86,5,0,1
BRDA:86,5,1,3
BRDA:87,6,0,1
BRDA:87,6,1,0
BRDA:124,7,0,2
BRDA:124,7,1,3
BRDA:161,8,0,2
BRDA:161,8,1,3
BRDA:180,9,0,2
BRDA:180,9,1,2
BRF:20
BRH:18
end_of_record
TN:
SF:models/job.js
FN:11,(anonymous_0)
FN:30,(anonymous_1)
FN:44,(anonymous_2)
FN:67,(anonymous_3)
FNF:4
FNH:4
FNDA:1,(anonymous_0)
FNDA:2,(anonymous_1)
FNDA:3,(anonymous_2)
FNDA:2,(anonymous_3)
DA:2,1
DA:3,1
DA:12,1
DA:25,1
DA:26,1
DA:31,2
DA:37,2
DA:39,2
DA:40,1
DA:45,3
DA:46,3
DA:48,2
DA:61,2
DA:62,2
DA:63,1
DA:68,2
DA:75,2
DA:76,2
DA:77,1
DA:83,1
LF:20
LH:20
BRDA:39,0,0,1
BRDA:39,0,1,1
BRDA:46,1,0,1
BRDA:46,1,1,2
BRDA:62,2,0,1
BRDA:62,2,1,1
BRDA:76,3,0,1
BRDA:76,3,1,1
BRF:8
BRH:8
end_of_record
TN:
SF:models/user.js
FN:24,(anonymous_0)
FN:59,(anonymous_1)
FN:104,(anonymous_2)
FN:126,(anonymous_3)
FN:162,(anonymous_4)
FN:195,(anonymous_5)
FNF:6
FNH:6
FNDA:7,(anonymous_0)
FNDA:16,(anonymous_1)
FNDA:3,(anonymous_2)
FNDA:4,(anonymous_3)
FNDA:7,(anonymous_4)
FNDA:4,(anonymous_5)
DA:3,5
DA:4,5
DA:5,5
DA:10,5
DA:12,5
DA:26,7
DA:38,7
DA:40,7
DA:42,4
DA:43,4
DA:44,3
DA:45,3
DA:49,4
DA:61,16
DA:68,16
DA:69,1
DA:72,15
DA:74,15
DA:94,15
DA:96,15
DA:105,3
DA:115,2
DA:127,4
DA:138,4
DA:140,4
DA:142,2
DA:163,7
DA:164,2
DA:167,7
DA:174,6
DA:176,6
DA:184,6
DA:185,6
DA:187,6
DA:189,4
DA:190,4
DA:196,4
DA:203,4
DA:205,4
DA:210,5
LF:40
LH:40
BRDA:40,0,0,4
BRDA:40,0,1,3
BRDA:43,1,0,3
BRDA:43,1,1,1
BRDA:68,2,0,1
BRDA:68,2,1,15
BRDA:140,3,0,2
BRDA:140,3,1,2
BRDA:163,4,0,2
BRDA:163,4,1,5
BRDA:187,5,0,2
BRDA:187,5,1,4
BRDA:205,6,0,2
BRDA:205,6,1,2
BRF:14
BRH:14
end_of_record
TN:
SF:routes/_testCommon.js
FN:8,commonBeforeAll
FN:65,commonBeforeEach
FN:69,commonAfterEach
FN:73,commonAfterAll
FNF:4
FNH:4
FNDA:3,commonBeforeAll
FNDA:44,commonBeforeEach
FNDA:44,commonAfterEach
FNDA:3,commonAfterAll
DA:3,3
DA:4,3
DA:5,3
DA:6,3
DA:10,3
DA:12,3
DA:14,3
DA:22,3
DA:30,3
DA:39,3
DA:47,3
DA:55,3
DA:66,44
DA:70,44
DA:74,3
DA:78,3
DA:79,3
DA:82,3
LF:18
LH:18
BRF:0
BRH:0
end_of_record
TN:
SF:routes/auth.js
FN:22,(anonymous_0)
FN:26,(anonymous_1)
FN:49,(anonymous_2)
FN:53,(anonymous_3)
FNF:4
FNH:4
FNDA:5,(anonymous_0)
FNDA:2,(anonymous_1)
FNDA:3,(anonymous_2)
FNDA:5,(anonymous_3)
DA:5,4
DA:7,4
DA:8,4
DA:9,4
DA:10,4
DA:11,4
DA:12,4
DA:13,4
DA:22,4
DA:23,5
DA:24,5
DA:25,5
DA:26,2
DA:27,2
DA:30,3
DA:31,3
DA:32,1
DA:33,1
DA:35,4
DA:49,4
DA:50,3
DA:51,3
DA:52,3
DA:53,5
DA:54,2
DA:57,1
DA:58,1
DA:59,1
DA:61,2
DA:66,4
LF:30
LH:30
BRDA:25,0,0,2
BRDA:25,0,1,3
BRDA:52,1,0,2
BRDA:52,1,1,1
BRF:4
BRH:4
end_of_record
TN:
SF:routes/companies.js
FN:27,(anonymous_0)
FN:31,(anonymous_1)
FN:53,(anonymous_2)
FN:74,(anonymous_3)
FN:94,(anonymous_4)
FN:98,(anonymous_5)
FN:114,(anonymous_6)
FNF:7
FNH:7
FNDA:3,(anonymous_0)
FNDA:3,(anonymous_1)
FNDA:2,(anonymous_2)
FNDA:3,(anonymous_3)
FNDA:4,(anonymous_4)
FNDA:2,(anonymous_5)
FNDA:2,(anonymous_6)
DA:5,4
DA:6,4
DA:8,4
DA:9,4
DA:10,4
DA:12,4
DA:13,4
DA:15,4
DA:27,4
DA:28,3
DA:29,3
DA:30,3
DA:31,3
DA:32,2
DA:35,1
DA:36,1
DA:38,2
DA:53,4
DA:54,2
DA:55,2
DA:56,2
DA:58,2
DA:59,2
DA:60,1
DA:62,1
DA:74,4
DA:75,3
DA:76,3
DA:77,2
DA:79,1
DA:94,4
DA:95,4
DA:96,4
DA:97,4
DA:98,2
DA:99,2
DA:102,2
DA:103,1
DA:105,3
DA:114,4
DA:115,2
DA:116,2
DA:117,1
DA:119,1
DA:124,4
LF:45
LH:45
BRDA:30,0,0,2
BRDA:30,0,1,1
BRDA:55,1,0,0
BRDA:55,1,1,2
BRDA:56,2,0,0
BRDA:56,2,1,2
BRDA:97,3,0,2
BRDA:97,3,1,2
BRF:8
BRH:6
end_of_record
TN:
SF:routes/users.js
FN:30,(anonymous_0)
FN:34,(anonymous_1)
FN:54,(anonymous_2)
FN:71,(anonymous_3)
FN:91,(anonymous_4)
FN:95,(anonymous_5)
FN:112,(anonymous_6)
FNF:7
FNH:7
FNDA:4,(anonymous_0)
FNDA:5,(anonymous_1)
FNDA:2,(anonymous_2)
FNDA:2,(anonymous_3)
FNDA:4,(anonymous_4)
FNDA:1,(anonymous_5)
FNDA:2,(anonymous_6)
DA:5,4
DA:7,4
DA:8,4
DA:9,4
DA:10,4
DA:11,4
DA:12,4
DA:13,4
DA:15,4
DA:30,4
DA:31,4
DA:32,4
DA:33,4
DA:34,5
DA:35,2
DA:38,2
DA:39,2
DA:40,2
DA:42,2
DA:54,4
DA:55,2
DA:56,2
DA:57,1
DA:59,1
DA:71,4
DA:72,2
DA:73,2
DA:74,1
DA:76,1
DA:91,4
DA:92,4
DA:93,4
DA:94,4
DA:95,1
DA:96,1
DA:99,3
DA:100,2
DA:102,2
DA:112,4
DA:113,2
DA:114,2
DA:115,1
DA:117,1
DA:122,4
LF:44
LH:44
BRDA:33,0,0,2
BRDA:33,0,1,2
BRDA:94,1,0,1
BRDA:94,1,1,3
BRF:4
BRH:4
end_of_record
